<?xml version="1.0" encoding="UTF-8"?>
<!-- Generated by org.testng.reporters.JUnitXMLReporter -->
<testsuite hostname="LAPTOP-4NTAE5FV" failures="0" tests="5" name="Test" time="73.555" errors="0" timestamp="26 Feb 2023 07:18:27 GMT">
  <testcase classname="com.hrms.scripts.Tc001_login" name="tc001" time="20.038"/>
  <testcase classname="com.hrms.scripts.Tc002_add_emp" name="tc002" time="22.494"/>
  <testcase classname="com.hrms.scripts.Tc003_edit_emp" name="tc003" time="21.777"/>
  <testcase classname="com.hrms.scripts.Tc004_delete" name="tc004" time="5.581"/>
  <testcase classname="com.hrms.scripts.Tc005_mouse" name="mouse" time="3.64"/>
</testsuite> <!-- Test -->
